[debug] [2025-10-27T13:39:01.187Z] ----------------------------------------------------------------------
[debug] [2025-10-27T13:39:01.190Z] Command:       /Users/jacoblee/.nvm/versions/node/v22.19.0/bin/node /Users/jacoblee/.nvm/versions/node/v22.19.0/bin/firebase deploy --only functions --force
[debug] [2025-10-27T13:39:01.191Z] CLI Version:   14.22.0
[debug] [2025-10-27T13:39:01.191Z] Platform:      darwin
[debug] [2025-10-27T13:39:01.191Z] Node Version:  v22.19.0
[debug] [2025-10-27T13:39:01.191Z] Time:          Mon Oct 27 2025 22:39:01 GMT+0900 (Korean Standard Time)
[debug] [2025-10-27T13:39:01.192Z] ----------------------------------------------------------------------
[debug] 
[debug] [2025-10-27T13:39:01.380Z] > command requires scopes: ["email","openid","https://www.googleapis.com/auth/cloudplatformprojects.readonly","https://www.googleapis.com/auth/firebase","https://www.googleapis.com/auth/cloud-platform"]
[debug] [2025-10-27T13:39:01.380Z] > authorizing via signed-in user (dlwjdrhks8@gmail.com)
[debug] [2025-10-27T13:39:01.380Z] [iam] checking project zipyojeong-f1e17 for permissions ["cloudfunctions.functions.create","cloudfunctions.functions.delete","cloudfunctions.functions.get","cloudfunctions.functions.list","cloudfunctions.functions.update","cloudfunctions.operations.get","firebase.projects.get"]
[debug] [2025-10-27T13:39:01.381Z] Checked if tokens are valid: true, expires at: 1761574999920
[debug] [2025-10-27T13:39:01.381Z] Checked if tokens are valid: true, expires at: 1761574999920
[debug] [2025-10-27T13:39:01.382Z] >>> [apiv2][query] POST https://cloudresourcemanager.googleapis.com/v1/projects/zipyojeong-f1e17:testIamPermissions [none]
[debug] [2025-10-27T13:39:01.382Z] >>> [apiv2][(partial)header] POST https://cloudresourcemanager.googleapis.com/v1/projects/zipyojeong-f1e17:testIamPermissions x-goog-quota-user=projects/zipyojeong-f1e17
[debug] [2025-10-27T13:39:01.382Z] >>> [apiv2][body] POST https://cloudresourcemanager.googleapis.com/v1/projects/zipyojeong-f1e17:testIamPermissions {"permissions":["cloudfunctions.functions.create","cloudfunctions.functions.delete","cloudfunctions.functions.get","cloudfunctions.functions.list","cloudfunctions.functions.update","cloudfunctions.operations.get","firebase.projects.get"]}
[debug] [2025-10-27T13:39:01.661Z] <<< [apiv2][status] POST https://cloudresourcemanager.googleapis.com/v1/projects/zipyojeong-f1e17:testIamPermissions 200
[debug] [2025-10-27T13:39:01.661Z] <<< [apiv2][body] POST https://cloudresourcemanager.googleapis.com/v1/projects/zipyojeong-f1e17:testIamPermissions {"permissions":["cloudfunctions.functions.create","cloudfunctions.functions.delete","cloudfunctions.functions.get","cloudfunctions.functions.list","cloudfunctions.functions.update","cloudfunctions.operations.get","firebase.projects.get"]}
[debug] [2025-10-27T13:39:01.662Z] Checked if tokens are valid: true, expires at: 1761574999920
[debug] [2025-10-27T13:39:01.662Z] Checked if tokens are valid: true, expires at: 1761574999920
[debug] [2025-10-27T13:39:01.662Z] >>> [apiv2][query] POST https://iam.googleapis.com/v1/projects/zipyojeong-f1e17/serviceAccounts/zipyojeong-f1e17@appspot.gserviceaccount.com:testIamPermissions [none]
[debug] [2025-10-27T13:39:01.662Z] >>> [apiv2][body] POST https://iam.googleapis.com/v1/projects/zipyojeong-f1e17/serviceAccounts/zipyojeong-f1e17@appspot.gserviceaccount.com:testIamPermissions {"permissions":["iam.serviceAccounts.actAs"]}
[debug] [2025-10-27T13:39:02.021Z] <<< [apiv2][status] POST https://iam.googleapis.com/v1/projects/zipyojeong-f1e17/serviceAccounts/zipyojeong-f1e17@appspot.gserviceaccount.com:testIamPermissions 200
[debug] [2025-10-27T13:39:02.021Z] <<< [apiv2][body] POST https://iam.googleapis.com/v1/projects/zipyojeong-f1e17/serviceAccounts/zipyojeong-f1e17@appspot.gserviceaccount.com:testIamPermissions {"permissions":["iam.serviceAccounts.actAs"]}
[info] 
[info] === Deploying to 'zipyojeong-f1e17'...
[info] 
[info] i  deploying functions 
[debug] [2025-10-27T13:39:02.024Z] Checked if tokens are valid: true, expires at: 1761574999920
[debug] [2025-10-27T13:39:02.024Z] Checked if tokens are valid: true, expires at: 1761574999920
[debug] [2025-10-27T13:39:02.024Z] >>> [apiv2][query] GET https://cloudresourcemanager.googleapis.com/v1/projects/zipyojeong-f1e17 [none]
[debug] [2025-10-27T13:39:02.279Z] <<< [apiv2][status] GET https://cloudresourcemanager.googleapis.com/v1/projects/zipyojeong-f1e17 200
[debug] [2025-10-27T13:39:02.279Z] <<< [apiv2][body] GET https://cloudresourcemanager.googleapis.com/v1/projects/zipyojeong-f1e17 {"projectNumber":"999185260359","projectId":"zipyojeong-f1e17","lifecycleState":"ACTIVE","name":"zipyojeong","labels":{"firebase":"enabled","firebase-core":"disabled"},"createTime":"2025-09-10T18:46:33.459162Z"}
[info] i  functions: preparing codebase default for deployment 
[info] i  functions: ensuring required API cloudfunctions.googleapis.com is enabled... 
[info] i  functions: ensuring required API cloudbuild.googleapis.com is enabled... 
[info] i  artifactregistry: ensuring required API artifactregistry.googleapis.com is enabled... 
[debug] [2025-10-27T13:39:02.281Z] Checked if tokens are valid: true, expires at: 1761574999920
[debug] [2025-10-27T13:39:02.281Z] Checked if tokens are valid: true, expires at: 1761574999920
[debug] [2025-10-27T13:39:02.281Z] >>> [apiv2][query] GET https://firebase.googleapis.com/v1beta1/projects/zipyojeong-f1e17/adminSdkConfig [none]
[debug] [2025-10-27T13:39:03.170Z] <<< [apiv2][status] GET https://firebase.googleapis.com/v1beta1/projects/zipyojeong-f1e17/adminSdkConfig 200
[debug] [2025-10-27T13:39:03.170Z] <<< [apiv2][body] GET https://firebase.googleapis.com/v1beta1/projects/zipyojeong-f1e17/adminSdkConfig {"projectId":"zipyojeong-f1e17","storageBucket":"zipyojeong-f1e17.firebasestorage.app"}
[debug] [2025-10-27T13:39:03.171Z] Checked if tokens are valid: true, expires at: 1761574999920
[debug] [2025-10-27T13:39:03.171Z] Checked if tokens are valid: true, expires at: 1761574999920
[debug] [2025-10-27T13:39:03.171Z] >>> [apiv2][query] GET https://runtimeconfig.googleapis.com/v1beta1/projects/zipyojeong-f1e17/configs [none]
[debug] [2025-10-27T13:39:04.154Z] <<< [apiv2][status] GET https://runtimeconfig.googleapis.com/v1beta1/projects/zipyojeong-f1e17/configs 200
[debug] [2025-10-27T13:39:04.154Z] <<< [apiv2][body] GET https://runtimeconfig.googleapis.com/v1beta1/projects/zipyojeong-f1e17/configs {}
[debug] [2025-10-27T13:39:04.155Z] Validating nodejs source
[warn] ⚠  functions: Runtime Node.js 18 was deprecated on 2025-04-30 and will be decommissioned on 2025-10-30, after which you will not be able to deploy without upgrading. Consider upgrading now to avoid disruption. See https://cloud.google.com/functions/docs/runtime-support for full details on the lifecycle policy 
[debug] [2025-10-27T13:39:04.634Z] > [functions] package.json contents: {
  "name": "functions",
  "description": "Cloud Functions for Firebase",
  "scripts": {
    "lint": "eslint .",
    "serve": "firebase emulators:start --only functions",
    "shell": "firebase functions:shell",
    "start": "npm run shell",
    "deploy": "firebase deploy --only functions",
    "logs": "firebase functions:log"
  },
  "engines": {
    "node": "18"
  },
  "main": "index.js",
  "dependencies": {
    "body-parser": "^2.2.0",
    "cors": "^2.8.5",
    "express": "^5.1.0",
    "firebase-admin": "^12.6.0",
    "firebase-functions": "^6.0.1",
    "request": "^2.88.2"
  },
  "devDependencies": {
    "eslint": "^8.15.0",
    "eslint-config-google": "^0.14.0",
    "firebase-functions-test": "^3.1.0"
  },
  "private": true
}
[debug] [2025-10-27T13:39:04.635Z] Building nodejs source
[info] i  functions: Loading and analyzing source code for codebase default to determine what to deploy 
[debug] [2025-10-27T13:39:04.636Z] Could not find functions.yaml. Must use http discovery
[debug] [2025-10-27T13:39:04.643Z] Found firebase-functions binary at '/Users/jacoblee/StudioProjects/Zipyojeong/zipyojeong-web/functions/node_modules/.bin/firebase-functions'
[info] Serving at port 8614

[debug] [2025-10-27T13:39:05.079Z] Got response from /__/functions.yaml {"endpoints":{"paymentApi":{"availableMemoryMb":null,"timeoutSeconds":null,"minInstances":null,"maxInstances":null,"ingressSettings":null,"concurrency":null,"serviceAccountEmail":null,"vpc":null,"platform":"gcfv2","labels":{},"httpsTrigger":{},"entryPoint":"paymentApi"}},"specVersion":"v1alpha1","requiredAPIs":[],"extensions":{}}
[info] i  extensions: ensuring required API firebaseextensions.googleapis.com is enabled... 
[debug] [2025-10-27T13:39:09.104Z] > command requires scopes: ["email","openid","https://www.googleapis.com/auth/cloudplatformprojects.readonly","https://www.googleapis.com/auth/firebase","https://www.googleapis.com/auth/cloud-platform"]
[debug] [2025-10-27T13:39:09.105Z] > authorizing via signed-in user (dlwjdrhks8@gmail.com)
[debug] [2025-10-27T13:39:09.105Z] [iam] checking project zipyojeong-f1e17 for permissions ["firebase.projects.get","firebaseextensions.instances.list"]
[debug] [2025-10-27T13:39:09.105Z] Checked if tokens are valid: true, expires at: 1761574999920
[debug] [2025-10-27T13:39:09.105Z] Checked if tokens are valid: true, expires at: 1761574999920
[debug] [2025-10-27T13:39:09.105Z] >>> [apiv2][query] POST https://cloudresourcemanager.googleapis.com/v1/projects/zipyojeong-f1e17:testIamPermissions [none]
[debug] [2025-10-27T13:39:09.105Z] >>> [apiv2][(partial)header] POST https://cloudresourcemanager.googleapis.com/v1/projects/zipyojeong-f1e17:testIamPermissions x-goog-quota-user=projects/zipyojeong-f1e17
[debug] [2025-10-27T13:39:09.105Z] >>> [apiv2][body] POST https://cloudresourcemanager.googleapis.com/v1/projects/zipyojeong-f1e17:testIamPermissions {"permissions":["firebase.projects.get","firebaseextensions.instances.list"]}
[debug] [2025-10-27T13:39:09.330Z] <<< [apiv2][status] POST https://cloudresourcemanager.googleapis.com/v1/projects/zipyojeong-f1e17:testIamPermissions 200
[debug] [2025-10-27T13:39:09.330Z] <<< [apiv2][body] POST https://cloudresourcemanager.googleapis.com/v1/projects/zipyojeong-f1e17:testIamPermissions {"permissions":["firebase.projects.get","firebaseextensions.instances.list"]}
[debug] [2025-10-27T13:39:09.330Z] Checked if tokens are valid: true, expires at: 1761574999920
[debug] [2025-10-27T13:39:09.330Z] Checked if tokens are valid: true, expires at: 1761574999920
[debug] [2025-10-27T13:39:09.331Z] >>> [apiv2][query] GET https://firebaseextensions.googleapis.com/v1beta/projects/zipyojeong-f1e17/instances pageSize=100&pageToken=
[debug] [2025-10-27T13:39:10.327Z] <<< [apiv2][status] GET https://firebaseextensions.googleapis.com/v1beta/projects/zipyojeong-f1e17/instances 200
[debug] [2025-10-27T13:39:10.327Z] <<< [apiv2][body] GET https://firebaseextensions.googleapis.com/v1beta/projects/zipyojeong-f1e17/instances {}
[info] i  functions: preparing functions directory for uploading... 
[info] i  functions: packaged /Users/jacoblee/StudioProjects/Zipyojeong/zipyojeong-web/functions (87.44 KB) for uploading 
[debug] [2025-10-27T13:39:10.364Z] Checked if tokens are valid: true, expires at: 1761574999920
[debug] [2025-10-27T13:39:10.364Z] Checked if tokens are valid: true, expires at: 1761574999920
[debug] [2025-10-27T13:39:10.364Z] >>> [apiv2][query] GET https://cloudfunctions.googleapis.com/v1/projects/zipyojeong-f1e17/locations/-/functions [none]
[debug] [2025-10-27T13:39:11.215Z] <<< [apiv2][status] GET https://cloudfunctions.googleapis.com/v1/projects/zipyojeong-f1e17/locations/-/functions 200
[debug] [2025-10-27T13:39:11.215Z] <<< [apiv2][body] GET https://cloudfunctions.googleapis.com/v1/projects/zipyojeong-f1e17/locations/-/functions {}
[debug] [2025-10-27T13:39:11.215Z] Checked if tokens are valid: true, expires at: 1761574999920
[debug] [2025-10-27T13:39:11.215Z] Checked if tokens are valid: true, expires at: 1761574999920
[debug] [2025-10-27T13:39:11.215Z] >>> [apiv2][query] GET https://cloudfunctions.googleapis.com/v2/projects/zipyojeong-f1e17/locations/-/functions filter=environment%3D%22GEN_2%22
[debug] [2025-10-27T13:39:12.540Z] <<< [apiv2][status] GET https://cloudfunctions.googleapis.com/v2/projects/zipyojeong-f1e17/locations/-/functions 200
[debug] [2025-10-27T13:39:12.540Z] <<< [apiv2][body] GET https://cloudfunctions.googleapis.com/v2/projects/zipyojeong-f1e17/locations/-/functions {}
[info] i  functions: ensuring required API run.googleapis.com is enabled... 
[info] i  functions: ensuring required API eventarc.googleapis.com is enabled... 
[info] i  functions: ensuring required API pubsub.googleapis.com is enabled... 
[info] i  functions: ensuring required API storage.googleapis.com is enabled... 
[info] i  functions: generating the service identity for pubsub.googleapis.com... 
[debug] [2025-10-27T13:39:12.544Z] Checked if tokens are valid: true, expires at: 1761574999920
[debug] [2025-10-27T13:39:12.544Z] Checked if tokens are valid: true, expires at: 1761574999920
[info] i  functions: generating the service identity for eventarc.googleapis.com... 
[debug] [2025-10-27T13:39:12.544Z] Checked if tokens are valid: true, expires at: 1761574999920
[debug] [2025-10-27T13:39:12.544Z] Checked if tokens are valid: true, expires at: 1761574999920
[debug] [2025-10-27T13:39:12.544Z] >>> [apiv2][query] POST https://serviceusage.googleapis.com/v1beta1/projects/999185260359/services/pubsub.googleapis.com:generateServiceIdentity [none]
[debug] [2025-10-27T13:39:12.544Z] >>> [apiv2][(partial)header] POST https://serviceusage.googleapis.com/v1beta1/projects/999185260359/services/pubsub.googleapis.com:generateServiceIdentity x-goog-quota-user=projects/999185260359
[debug] [2025-10-27T13:39:12.544Z] >>> [apiv2][body] POST https://serviceusage.googleapis.com/v1beta1/projects/999185260359/services/pubsub.googleapis.com:generateServiceIdentity {}
[debug] [2025-10-27T13:39:12.545Z] >>> [apiv2][query] POST https://serviceusage.googleapis.com/v1beta1/projects/999185260359/services/eventarc.googleapis.com:generateServiceIdentity [none]
[debug] [2025-10-27T13:39:12.545Z] >>> [apiv2][(partial)header] POST https://serviceusage.googleapis.com/v1beta1/projects/999185260359/services/eventarc.googleapis.com:generateServiceIdentity x-goog-quota-user=projects/999185260359
[debug] [2025-10-27T13:39:12.545Z] >>> [apiv2][body] POST https://serviceusage.googleapis.com/v1beta1/projects/999185260359/services/eventarc.googleapis.com:generateServiceIdentity {}
[debug] [2025-10-27T13:39:13.683Z] <<< [apiv2][status] POST https://serviceusage.googleapis.com/v1beta1/projects/999185260359/services/eventarc.googleapis.com:generateServiceIdentity 200
[debug] [2025-10-27T13:39:13.683Z] <<< [apiv2][body] POST https://serviceusage.googleapis.com/v1beta1/projects/999185260359/services/eventarc.googleapis.com:generateServiceIdentity {"name":"operations/finished.DONE_OPERATION","done":true,"response":{"@type":"type.googleapis.com/google.api.serviceusage.v1beta1.ServiceIdentity","email":"service-999185260359@gcp-sa-eventarc.iam.gserviceaccount.com","uniqueId":"114676079552844247925"}}
[debug] [2025-10-27T13:39:13.779Z] <<< [apiv2][status] POST https://serviceusage.googleapis.com/v1beta1/projects/999185260359/services/pubsub.googleapis.com:generateServiceIdentity 200
[debug] [2025-10-27T13:39:13.780Z] <<< [apiv2][body] POST https://serviceusage.googleapis.com/v1beta1/projects/999185260359/services/pubsub.googleapis.com:generateServiceIdentity {"name":"operations/finished.DONE_OPERATION","done":true,"response":{"@type":"type.googleapis.com/google.api.serviceusage.v1beta1.ServiceIdentity","email":"service-999185260359@gcp-sa-pubsub.iam.gserviceaccount.com","uniqueId":"116058444645135867971"}}
[debug] [2025-10-27T13:39:13.782Z] Checked if tokens are valid: true, expires at: 1761574999920
[debug] [2025-10-27T13:39:13.782Z] Checked if tokens are valid: true, expires at: 1761574999920
[debug] [2025-10-27T13:39:13.782Z] >>> [apiv2][query] GET https://cloudresourcemanager.googleapis.com/v1/projects/zipyojeong-f1e17 [none]
[debug] [2025-10-27T13:39:14.082Z] <<< [apiv2][status] GET https://cloudresourcemanager.googleapis.com/v1/projects/zipyojeong-f1e17 200
[debug] [2025-10-27T13:39:14.082Z] <<< [apiv2][body] GET https://cloudresourcemanager.googleapis.com/v1/projects/zipyojeong-f1e17 {"projectNumber":"999185260359","projectId":"zipyojeong-f1e17","lifecycleState":"ACTIVE","name":"zipyojeong","labels":{"firebase":"enabled","firebase-core":"disabled"},"createTime":"2025-09-10T18:46:33.459162Z"}
[debug] [2025-10-27T13:39:14.083Z] Checked if tokens are valid: true, expires at: 1761574999920
[debug] [2025-10-27T13:39:14.083Z] Checked if tokens are valid: true, expires at: 1761574999920
[debug] [2025-10-27T13:39:14.083Z] >>> [apiv2][query] GET https://compute.googleapis.com/compute/v1/projects/999185260359 [none]
[debug] [2025-10-27T13:39:14.637Z] <<< [apiv2][status] GET https://compute.googleapis.com/compute/v1/projects/999185260359 200
[debug] [2025-10-27T13:39:14.637Z] <<< [apiv2][body] GET https://compute.googleapis.com/compute/v1/projects/999185260359 {"kind":"compute#project","id":"2752834818706339327","creationTimestamp":"2025-10-25T06:05:20.378-07:00","name":"zipyojeong-f1e17","commonInstanceMetadata":{"kind":"compute#metadata","fingerprint":"JTeEN0q3wE8="},"quotas":[{"metric":"SNAPSHOTS","limit":1000,"usage":0},{"metric":"NETWORKS","limit":5,"usage":1},{"metric":"FIREWALLS","limit":100,"usage":4},{"metric":"IMAGES","limit":100,"usage":0},{"metric":"STATIC_ADDRESSES","limit":8,"usage":0},{"metric":"ROUTES","limit":200,"usage":0},{"metric":"FORWARDING_RULES","limit":15,"usage":0},{"metric":"TARGET_POOLS","limit":50,"usage":0},{"metric":"HEALTH_CHECKS","limit":75,"usage":0},{"metric":"IN_USE_ADDRESSES","limit":8,"usage":0},{"metric":"TARGET_INSTANCES","limit":50,"usage":0},{"metric":"TARGET_HTTP_PROXIES","limit":10,"usage":0},{"metric":"URL_MAPS","limit":10,"usage":0},{"metric":"BACKEND_SERVICES","limit":50,"usage":0},{"metric":"INSTANCE_TEMPLATES","limit":100,"usage":0},{"metric":"TARGET_VPN_GATEWAYS","limit":5,"usage":0},{"metric":"VPN_TUNNELS","limit":10,"usage":0},{"metric":"BACKEND_BUCKETS","limit":3,"usage":0},{"metric":"ROUTERS","limit":10,"usage":0},{"metric":"TARGET_SSL_PROXIES","limit":10,"usage":0},{"metric":"TARGET_HTTPS_PROXIES","limit":10,"usage":0},{"metric":"SSL_CERTIFICATES","limit":10,"usage":0},{"metric":"SUBNETWORKS","limit":100,"usage":0},{"metric":"TARGET_TCP_PROXIES","limit":10,"usage":0},{"metric":"CPUS_ALL_REGIONS","limit":32,"usage":0},{"metric":"SECURITY_POLICIES","limit":10,"usage":0},{"metric":"SECURITY_POLICY_RULES","limit":100,"usage":0},{"metric":"XPN_SERVICE_PROJECTS","limit":1000,"usage":0},{"metric":"PACKET_MIRRORINGS","limit":20,"usage":0},{"metric":"NETWORK_ENDPOINT_GROUPS","limit":100,"usage":0},{"metric":"INTERCONNECTS","limit":6,"usage":0},{"metric":"SSL_POLICIES","limit":10,"usage":0},{"metric":"GLOBAL_INTERNAL_ADDRESSES","limit":5000,"usage":0},{"metric":"VPN_GATEWAYS","limit":5,"usage":0},{"metric":"MACHINE_IMAGES","limit":100,"usage":0},{"metric":"SECURITY_POLICY_CEVAL_RULES","limit":20,"usage":0},{"metric":"GPUS_ALL_REGIONS","limit":0,"usage":0},{"metric":"EXTERNAL_VPN_GATEWAYS","limit":5,"usage":0},{"metric":"PUBLIC_ADVERTISED_PREFIXES","limit":1,"usage":0},{"metric":"PUBLIC_DELEGATED_PREFIXES","limit":10,"usage":0},{"metric":"STATIC_BYOIP_ADDRESSES","limit":128,"usage":0},{"metric":"NETWORK_FIREWALL_POLICIES","limit":10,"usage":0},{"metric":"INTERNAL_TRAFFIC_DIRECTOR_FORWARDING_RULES","limit":15,"usage":0},{"metric":"GLOBAL_EXTERNAL_MANAGED_FORWARDING_RULES","limit":15,"usage":0},{"metric":"GLOBAL_INTERNAL_MANAGED_BACKEND_SERVICES","limit":50,"usage":0},{"metric":"GLOBAL_EXTERNAL_MANAGED_BACKEND_SERVICES","limit":50,"usage":0},{"metric":"GLOBAL_EXTERNAL_PROXY_LB_BACKEND_SERVICES","limit":50,"usage":0},{"metric":"GLOBAL_INTERNAL_TRAFFIC_DIRECTOR_BACKEND_SERVICES","limit":250,"usage":0}],"selfLink":"https://www.googleapis.com/compute/v1/projects/zipyojeong-f1e17","defaultServiceAccount":"999185260359-compute@developer.gserviceaccount.com","xpnProjectStatus":"UNSPECIFIED_XPN_PROJECT_STATUS","defaultNetworkTier":"PREMIUM","vmDnsSetting":"ZONAL_ONLY","cloudArmorTier":"CA_STANDARD"}
[debug] [2025-10-27T13:39:14.638Z] Checked if tokens are valid: true, expires at: 1761574999920
[debug] [2025-10-27T13:39:14.638Z] Checked if tokens are valid: true, expires at: 1761574999920
[debug] [2025-10-27T13:39:14.638Z] >>> [apiv2][query] GET https://cloudbilling.googleapis.com/v1/projects/zipyojeong-f1e17/billingInfo [none]
[debug] [2025-10-27T13:39:15.784Z] <<< [apiv2][status] GET https://cloudbilling.googleapis.com/v1/projects/zipyojeong-f1e17/billingInfo 200
[debug] [2025-10-27T13:39:15.785Z] <<< [apiv2][body] GET https://cloudbilling.googleapis.com/v1/projects/zipyojeong-f1e17/billingInfo {"name":"projects/zipyojeong-f1e17/billingInfo","projectId":"zipyojeong-f1e17","billingAccountName":"billingAccounts/01F9AA-33DC8C-C746AC","billingEnabled":true}
[debug] [2025-10-27T13:39:15.786Z] [functions] found 1 new HTTP functions, testing setIamPolicy permission...
[debug] [2025-10-27T13:39:15.786Z] Checked if tokens are valid: true, expires at: 1761574999920
[debug] [2025-10-27T13:39:15.786Z] Checked if tokens are valid: true, expires at: 1761574999920
[debug] [2025-10-27T13:39:15.786Z] >>> [apiv2][query] POST https://cloudresourcemanager.googleapis.com/v1/projects/zipyojeong-f1e17:testIamPermissions [none]
[debug] [2025-10-27T13:39:15.786Z] >>> [apiv2][(partial)header] POST https://cloudresourcemanager.googleapis.com/v1/projects/zipyojeong-f1e17:testIamPermissions x-goog-quota-user=projects/zipyojeong-f1e17
[debug] [2025-10-27T13:39:15.786Z] >>> [apiv2][body] POST https://cloudresourcemanager.googleapis.com/v1/projects/zipyojeong-f1e17:testIamPermissions {"permissions":["cloudfunctions.functions.setIamPolicy"]}
[debug] [2025-10-27T13:39:15.940Z] <<< [apiv2][status] POST https://cloudresourcemanager.googleapis.com/v1/projects/zipyojeong-f1e17:testIamPermissions 200
[debug] [2025-10-27T13:39:15.940Z] <<< [apiv2][body] POST https://cloudresourcemanager.googleapis.com/v1/projects/zipyojeong-f1e17:testIamPermissions {"permissions":["cloudfunctions.functions.setIamPolicy"]}
[debug] [2025-10-27T13:39:15.940Z] [functions] found setIamPolicy permission, proceeding with deploy
[debug] [2025-10-27T13:39:15.941Z] Checked if tokens are valid: true, expires at: 1761574999920
[debug] [2025-10-27T13:39:15.941Z] Checked if tokens are valid: true, expires at: 1761574999920
[debug] [2025-10-27T13:39:15.941Z] >>> [apiv2][query] POST https://cloudfunctions.googleapis.com/v2/projects/zipyojeong-f1e17/locations/us-central1/functions:generateUploadUrl [none]
[debug] [2025-10-27T13:39:17.009Z] <<< [apiv2][status] POST https://cloudfunctions.googleapis.com/v2/projects/zipyojeong-f1e17/locations/us-central1/functions:generateUploadUrl 200
[debug] [2025-10-27T13:39:17.009Z] <<< [apiv2][body] POST https://cloudfunctions.googleapis.com/v2/projects/zipyojeong-f1e17/locations/us-central1/functions:generateUploadUrl {"uploadUrl":"https://storage.googleapis.com/gcf-v2-uploads-999185260359.us-central1.cloudfunctions.appspot.com/91ef2f65-9e3c-4408-82f2-7d04948fb616.zip?GoogleAccessId=service-999185260359@gcf-admin-robot.iam.gserviceaccount.com&Expires=1761574156&Signature=YP%2BJzKw18Q4pTYdhaxlPDp8lS%2BV8KkkSfgHaaAjnJ079zKBhmmGDQ%2FyRp2sbK%2FfwTvv9eVIk0Upo1D7ZjuuhJ3I%2FD0JdqsZLF%2FrcbHCgc8WmKrP%2FHuoHSuoPzlkR8s5YK7UeK6rdZ9S5VflW5Q6Q3E6FrcSZfCT%2BJeIyPSlndkl6oxprBaKSWtNt5jkNKk3VXFob0p0sV2ELzHacJNmILYmKtrkDkVXICu11FW3TsjHf%2BTPi3Fre0%2BAGhODlQfCGqzfhHkoJOL4xsuqbPvGhfbYDTF6HY0LNwcYrVVqQcs16aY%2FLhvidjOoY4FX98w7xIXAjPHrHJViJq18MnqgHgA%3D%3D","storageSource":{"bucket":"gcf-v2-uploads-999185260359.us-central1.cloudfunctions.appspot.com","object":"91ef2f65-9e3c-4408-82f2-7d04948fb616.zip"}}
[debug] [2025-10-27T13:39:17.010Z] >>> [apiv2][query] PUT https://storage.googleapis.com/gcf-v2-uploads-999185260359.us-central1.cloudfunctions.appspot.com/91ef2f65-9e3c-4408-82f2-7d04948fb616.zip GoogleAccessId=service-999185260359%40gcf-admin-robot.iam.gserviceaccount.com&Expires=1761574156&Signature=YP%2BJzKw18Q4pTYdhaxlPDp8lS%2BV8KkkSfgHaaAjnJ079zKBhmmGDQ%2FyRp2sbK%2FfwTvv9eVIk0Upo1D7ZjuuhJ3I%2FD0JdqsZLF%2FrcbHCgc8WmKrP%2FHuoHSuoPzlkR8s5YK7UeK6rdZ9S5VflW5Q6Q3E6FrcSZfCT%2BJeIyPSlndkl6oxprBaKSWtNt5jkNKk3VXFob0p0sV2ELzHacJNmILYmKtrkDkVXICu11FW3TsjHf%2BTPi3Fre0%2BAGhODlQfCGqzfhHkoJOL4xsuqbPvGhfbYDTF6HY0LNwcYrVVqQcs16aY%2FLhvidjOoY4FX98w7xIXAjPHrHJViJq18MnqgHgA%3D%3D
[debug] [2025-10-27T13:39:17.010Z] >>> [apiv2][body] PUT https://storage.googleapis.com/gcf-v2-uploads-999185260359.us-central1.cloudfunctions.appspot.com/91ef2f65-9e3c-4408-82f2-7d04948fb616.zip [stream]
[debug] [2025-10-27T13:39:17.673Z] <<< [apiv2][status] PUT https://storage.googleapis.com/gcf-v2-uploads-999185260359.us-central1.cloudfunctions.appspot.com/91ef2f65-9e3c-4408-82f2-7d04948fb616.zip 200
[debug] [2025-10-27T13:39:17.674Z] <<< [apiv2][body] PUT https://storage.googleapis.com/gcf-v2-uploads-999185260359.us-central1.cloudfunctions.appspot.com/91ef2f65-9e3c-4408-82f2-7d04948fb616.zip [omitted]
[info] ✔  functions: functions source uploaded successfully 
[info] i  functions: creating Node.js 18 (2nd Gen) function paymentApi(us-central1)... 
[debug] [2025-10-27T13:39:17.677Z] Checked if tokens are valid: true, expires at: 1761574999920
[debug] [2025-10-27T13:39:17.677Z] Checked if tokens are valid: true, expires at: 1761574999920
[debug] [2025-10-27T13:39:17.677Z] >>> [apiv2][query] POST https://cloudfunctions.googleapis.com/v2/projects/zipyojeong-f1e17/locations/us-central1/functions functionId=paymentApi
[debug] [2025-10-27T13:39:17.677Z] >>> [apiv2][body] POST https://cloudfunctions.googleapis.com/v2/projects/zipyojeong-f1e17/locations/us-central1/functions {"name":"projects/zipyojeong-f1e17/locations/us-central1/functions/paymentApi","buildConfig":{"runtime":"nodejs18","entryPoint":"paymentApi","source":{"storageSource":{"bucket":"gcf-v2-uploads-999185260359.us-central1.cloudfunctions.appspot.com","object":"91ef2f65-9e3c-4408-82f2-7d04948fb616.zip"}},"environmentVariables":{"GOOGLE_NODE_RUN_SCRIPTS":""}},"serviceConfig":{"environmentVariables":{"FIREBASE_CONFIG":"{\"projectId\":\"zipyojeong-f1e17\",\"storageBucket\":\"zipyojeong-f1e17.firebasestorage.app\"}","GCLOUD_PROJECT":"zipyojeong-f1e17","EVENTARC_CLOUD_EVENT_SOURCE":"projects/zipyojeong-f1e17/locations/us-central1/services/paymentApi","FUNCTION_TARGET":"paymentApi","LOG_EXECUTION_ID":"true"},"ingressSettings":null,"timeoutSeconds":null,"serviceAccountEmail":null,"availableMemory":"256Mi","minInstanceCount":null,"maxInstanceCount":null,"maxInstanceRequestConcurrency":80,"availableCpu":"1","vpcConnector":null,"vpcConnectorEgressSettings":null},"labels":{"deployment-tool":"cli-firebase","firebase-functions-hash":"b40ce29f719d93fad639e6256eb840bc9523bce6"}}
[debug] [2025-10-27T13:39:19.195Z] <<< [apiv2][status] POST https://cloudfunctions.googleapis.com/v2/projects/zipyojeong-f1e17/locations/us-central1/functions 200
[debug] [2025-10-27T13:39:19.195Z] <<< [apiv2][body] POST https://cloudfunctions.googleapis.com/v2/projects/zipyojeong-f1e17/locations/us-central1/functions {"name":"projects/zipyojeong-f1e17/locations/us-central1/operations/operation-1761572358684-6422406af7f64-2c7fec95-1c5c056e","metadata":{"@type":"type.googleapis.com/google.cloud.functions.v2.OperationMetadata","createTime":"2025-10-27T13:39:19.159190879Z","target":"projects/zipyojeong-f1e17/locations/us-central1/functions/paymentApi","verb":"create","cancelRequested":false,"apiVersion":"v2"},"done":false}
[debug] [2025-10-27T13:39:19.196Z] Checked if tokens are valid: true, expires at: 1761574999920
[debug] [2025-10-27T13:39:19.196Z] Checked if tokens are valid: true, expires at: 1761574999920
[debug] [2025-10-27T13:39:19.196Z] >>> [apiv2][query] GET https://cloudfunctions.googleapis.com/v2/projects/zipyojeong-f1e17/locations/us-central1/operations/operation-1761572358684-6422406af7f64-2c7fec95-1c5c056e [none]
[debug] [2025-10-27T13:39:20.226Z] <<< [apiv2][status] GET https://cloudfunctions.googleapis.com/v2/projects/zipyojeong-f1e17/locations/us-central1/operations/operation-1761572358684-6422406af7f64-2c7fec95-1c5c056e 200
[debug] [2025-10-27T13:39:20.226Z] <<< [apiv2][body] GET https://cloudfunctions.googleapis.com/v2/projects/zipyojeong-f1e17/locations/us-central1/operations/operation-1761572358684-6422406af7f64-2c7fec95-1c5c056e {"name":"projects/zipyojeong-f1e17/locations/us-central1/operations/operation-1761572358684-6422406af7f64-2c7fec95-1c5c056e","metadata":{"@type":"type.googleapis.com/google.cloud.functions.v2.OperationMetadata","createTime":"2025-10-27T13:39:19.159190879Z","target":"projects/zipyojeong-f1e17/locations/us-central1/functions/paymentApi","verb":"create","cancelRequested":false,"apiVersion":"v2","requestResource":{"@type":"type.googleapis.com/google.cloud.functions.v2.Function","name":"projects/zipyojeong-f1e17/locations/us-central1/functions/paymentApi","buildConfig":{"runtime":"nodejs18","entryPoint":"paymentApi","source":{"storageSource":{"bucket":"gcf-v2-sources-999185260359-us-central1","object":"paymentApi/function-source.zip","generation":"1761572358936515"}},"environmentVariables":{"GOOGLE_NODE_RUN_SCRIPTS":""},"serviceAccount":"projects/zipyojeong-f1e17/serviceAccounts/999185260359-compute@developer.gserviceaccount.com","automaticUpdatePolicy":{}},"serviceConfig":{"service":"projects/zipyojeong-f1e17/locations/us-central1/services/paymentapi","timeoutSeconds":60,"environmentVariables":{"FIREBASE_CONFIG":"{\"projectId\":\"zipyojeong-f1e17\",\"storageBucket\":\"zipyojeong-f1e17.firebasestorage.app\"}","GCLOUD_PROJECT":"zipyojeong-f1e17","EVENTARC_CLOUD_EVENT_SOURCE":"projects/zipyojeong-f1e17/locations/us-central1/services/paymentApi","FUNCTION_TARGET":"paymentApi","LOG_EXECUTION_ID":"true"},"ingressSettings":"ALLOW_ALL","serviceAccountEmail":"999185260359-compute@developer.gserviceaccount.com","availableMemory":"256Mi","maxInstanceRequestConcurrency":80,"availableCpu":"1"},"labels":{"deployment-tool":"cli-firebase","firebase-functions-hash":"b40ce29f719d93fad639e6256eb840bc9523bce6"},"environment":"GEN_2"},"stages":[{"name":"BUILD","message":"Build in progress","state":"IN_PROGRESS","resource":"projects/999185260359/locations/us-central1/builds/14d8aa14-c783-42c0-b5ec-904d5f894d65","resourceUri":"https://console.cloud.google.com/cloud-build/builds;region=us-central1/14d8aa14-c783-42c0-b5ec-904d5f894d65?project=999185260359"},{"name":"SERVICE","state":"NOT_STARTED"}],"operationType":"CREATE_FUNCTION","buildName":"projects/999185260359/locations/us-central1/builds/14d8aa14-c783-42c0-b5ec-904d5f894d65"},"done":false}
[debug] [2025-10-27T13:39:20.728Z] [create-default-us-central1-paymentApi] Retrying task index 0
[debug] [2025-10-27T13:39:20.729Z] Checked if tokens are valid: true, expires at: 1761574999920
[debug] [2025-10-27T13:39:20.729Z] Checked if tokens are valid: true, expires at: 1761574999920
[debug] [2025-10-27T13:39:20.729Z] >>> [apiv2][query] GET https://cloudfunctions.googleapis.com/v2/projects/zipyojeong-f1e17/locations/us-central1/operations/operation-1761572358684-6422406af7f64-2c7fec95-1c5c056e [none]
[debug] [2025-10-27T13:39:21.719Z] <<< [apiv2][status] GET https://cloudfunctions.googleapis.com/v2/projects/zipyojeong-f1e17/locations/us-central1/operations/operation-1761572358684-6422406af7f64-2c7fec95-1c5c056e 200
[debug] [2025-10-27T13:39:21.719Z] <<< [apiv2][body] GET https://cloudfunctions.googleapis.com/v2/projects/zipyojeong-f1e17/locations/us-central1/operations/operation-1761572358684-6422406af7f64-2c7fec95-1c5c056e {"name":"projects/zipyojeong-f1e17/locations/us-central1/operations/operation-1761572358684-6422406af7f64-2c7fec95-1c5c056e","metadata":{"@type":"type.googleapis.com/google.cloud.functions.v2.OperationMetadata","createTime":"2025-10-27T13:39:19.159190879Z","target":"projects/zipyojeong-f1e17/locations/us-central1/functions/paymentApi","verb":"create","cancelRequested":false,"apiVersion":"v2","requestResource":{"@type":"type.googleapis.com/google.cloud.functions.v2.Function","name":"projects/zipyojeong-f1e17/locations/us-central1/functions/paymentApi","buildConfig":{"runtime":"nodejs18","entryPoint":"paymentApi","source":{"storageSource":{"bucket":"gcf-v2-sources-999185260359-us-central1","object":"paymentApi/function-source.zip","generation":"1761572358936515"}},"environmentVariables":{"GOOGLE_NODE_RUN_SCRIPTS":""},"serviceAccount":"projects/zipyojeong-f1e17/serviceAccounts/999185260359-compute@developer.gserviceaccount.com","automaticUpdatePolicy":{}},"serviceConfig":{"service":"projects/zipyojeong-f1e17/locations/us-central1/services/paymentapi","timeoutSeconds":60,"environmentVariables":{"FIREBASE_CONFIG":"{\"projectId\":\"zipyojeong-f1e17\",\"storageBucket\":\"zipyojeong-f1e17.firebasestorage.app\"}","GCLOUD_PROJECT":"zipyojeong-f1e17","EVENTARC_CLOUD_EVENT_SOURCE":"projects/zipyojeong-f1e17/locations/us-central1/services/paymentApi","FUNCTION_TARGET":"paymentApi","LOG_EXECUTION_ID":"true"},"ingressSettings":"ALLOW_ALL","serviceAccountEmail":"999185260359-compute@developer.gserviceaccount.com","availableMemory":"256Mi","maxInstanceRequestConcurrency":80,"availableCpu":"1"},"labels":{"deployment-tool":"cli-firebase","firebase-functions-hash":"b40ce29f719d93fad639e6256eb840bc9523bce6"},"environment":"GEN_2"},"stages":[{"name":"BUILD","message":"Build in progress","state":"IN_PROGRESS","resource":"projects/999185260359/locations/us-central1/builds/14d8aa14-c783-42c0-b5ec-904d5f894d65","resourceUri":"https://console.cloud.google.com/cloud-build/builds;region=us-central1/14d8aa14-c783-42c0-b5ec-904d5f894d65?project=999185260359"},{"name":"SERVICE","state":"NOT_STARTED"}],"operationType":"CREATE_FUNCTION","buildName":"projects/999185260359/locations/us-central1/builds/14d8aa14-c783-42c0-b5ec-904d5f894d65"},"done":false}
[debug] [2025-10-27T13:39:22.720Z] [create-default-us-central1-paymentApi] Retrying task index 0
[debug] [2025-10-27T13:39:22.721Z] Checked if tokens are valid: true, expires at: 1761574999920
[debug] [2025-10-27T13:39:22.721Z] Checked if tokens are valid: true, expires at: 1761574999920
[debug] [2025-10-27T13:39:22.721Z] >>> [apiv2][query] GET https://cloudfunctions.googleapis.com/v2/projects/zipyojeong-f1e17/locations/us-central1/operations/operation-1761572358684-6422406af7f64-2c7fec95-1c5c056e [none]
[debug] [2025-10-27T13:39:23.718Z] <<< [apiv2][status] GET https://cloudfunctions.googleapis.com/v2/projects/zipyojeong-f1e17/locations/us-central1/operations/operation-1761572358684-6422406af7f64-2c7fec95-1c5c056e 200
[debug] [2025-10-27T13:39:23.718Z] <<< [apiv2][body] GET https://cloudfunctions.googleapis.com/v2/projects/zipyojeong-f1e17/locations/us-central1/operations/operation-1761572358684-6422406af7f64-2c7fec95-1c5c056e {"name":"projects/zipyojeong-f1e17/locations/us-central1/operations/operation-1761572358684-6422406af7f64-2c7fec95-1c5c056e","metadata":{"@type":"type.googleapis.com/google.cloud.functions.v2.OperationMetadata","createTime":"2025-10-27T13:39:19.159190879Z","target":"projects/zipyojeong-f1e17/locations/us-central1/functions/paymentApi","verb":"create","cancelRequested":false,"apiVersion":"v2","requestResource":{"@type":"type.googleapis.com/google.cloud.functions.v2.Function","name":"projects/zipyojeong-f1e17/locations/us-central1/functions/paymentApi","buildConfig":{"runtime":"nodejs18","entryPoint":"paymentApi","source":{"storageSource":{"bucket":"gcf-v2-sources-999185260359-us-central1","object":"paymentApi/function-source.zip","generation":"1761572358936515"}},"environmentVariables":{"GOOGLE_NODE_RUN_SCRIPTS":""},"serviceAccount":"projects/zipyojeong-f1e17/serviceAccounts/999185260359-compute@developer.gserviceaccount.com","automaticUpdatePolicy":{}},"serviceConfig":{"service":"projects/zipyojeong-f1e17/locations/us-central1/services/paymentapi","timeoutSeconds":60,"environmentVariables":{"FIREBASE_CONFIG":"{\"projectId\":\"zipyojeong-f1e17\",\"storageBucket\":\"zipyojeong-f1e17.firebasestorage.app\"}","GCLOUD_PROJECT":"zipyojeong-f1e17","EVENTARC_CLOUD_EVENT_SOURCE":"projects/zipyojeong-f1e17/locations/us-central1/services/paymentApi","FUNCTION_TARGET":"paymentApi","LOG_EXECUTION_ID":"true"},"ingressSettings":"ALLOW_ALL","serviceAccountEmail":"999185260359-compute@developer.gserviceaccount.com","availableMemory":"256Mi","maxInstanceRequestConcurrency":80,"availableCpu":"1"},"labels":{"deployment-tool":"cli-firebase","firebase-functions-hash":"b40ce29f719d93fad639e6256eb840bc9523bce6"},"environment":"GEN_2"},"stages":[{"name":"BUILD","message":"Build in progress","state":"IN_PROGRESS","resource":"projects/999185260359/locations/us-central1/builds/14d8aa14-c783-42c0-b5ec-904d5f894d65","resourceUri":"https://console.cloud.google.com/cloud-build/builds;region=us-central1/14d8aa14-c783-42c0-b5ec-904d5f894d65?project=999185260359"},{"name":"SERVICE","state":"NOT_STARTED"}],"operationType":"CREATE_FUNCTION","buildName":"projects/999185260359/locations/us-central1/builds/14d8aa14-c783-42c0-b5ec-904d5f894d65"},"done":false}
[debug] [2025-10-27T13:39:25.721Z] [create-default-us-central1-paymentApi] Retrying task index 0
[debug] [2025-10-27T13:39:25.721Z] Checked if tokens are valid: true, expires at: 1761574999920
[debug] [2025-10-27T13:39:25.721Z] Checked if tokens are valid: true, expires at: 1761574999920
[debug] [2025-10-27T13:39:25.722Z] >>> [apiv2][query] GET https://cloudfunctions.googleapis.com/v2/projects/zipyojeong-f1e17/locations/us-central1/operations/operation-1761572358684-6422406af7f64-2c7fec95-1c5c056e [none]
[debug] [2025-10-27T13:39:25.968Z] <<< [apiv2][status] GET https://cloudfunctions.googleapis.com/v2/projects/zipyojeong-f1e17/locations/us-central1/operations/operation-1761572358684-6422406af7f64-2c7fec95-1c5c056e 200
[debug] [2025-10-27T13:39:25.968Z] <<< [apiv2][body] GET https://cloudfunctions.googleapis.com/v2/projects/zipyojeong-f1e17/locations/us-central1/operations/operation-1761572358684-6422406af7f64-2c7fec95-1c5c056e {"name":"projects/zipyojeong-f1e17/locations/us-central1/operations/operation-1761572358684-6422406af7f64-2c7fec95-1c5c056e","metadata":{"@type":"type.googleapis.com/google.cloud.functions.v2.OperationMetadata","createTime":"2025-10-27T13:39:19.159190879Z","target":"projects/zipyojeong-f1e17/locations/us-central1/functions/paymentApi","verb":"create","cancelRequested":false,"apiVersion":"v2","requestResource":{"@type":"type.googleapis.com/google.cloud.functions.v2.Function","name":"projects/zipyojeong-f1e17/locations/us-central1/functions/paymentApi","buildConfig":{"runtime":"nodejs18","entryPoint":"paymentApi","source":{"storageSource":{"bucket":"gcf-v2-sources-999185260359-us-central1","object":"paymentApi/function-source.zip","generation":"1761572358936515"}},"environmentVariables":{"GOOGLE_NODE_RUN_SCRIPTS":""},"serviceAccount":"projects/zipyojeong-f1e17/serviceAccounts/999185260359-compute@developer.gserviceaccount.com","automaticUpdatePolicy":{}},"serviceConfig":{"service":"projects/zipyojeong-f1e17/locations/us-central1/services/paymentapi","timeoutSeconds":60,"environmentVariables":{"FIREBASE_CONFIG":"{\"projectId\":\"zipyojeong-f1e17\",\"storageBucket\":\"zipyojeong-f1e17.firebasestorage.app\"}","GCLOUD_PROJECT":"zipyojeong-f1e17","EVENTARC_CLOUD_EVENT_SOURCE":"projects/zipyojeong-f1e17/locations/us-central1/services/paymentApi","FUNCTION_TARGET":"paymentApi","LOG_EXECUTION_ID":"true"},"ingressSettings":"ALLOW_ALL","serviceAccountEmail":"999185260359-compute@developer.gserviceaccount.com","availableMemory":"256Mi","maxInstanceRequestConcurrency":80,"availableCpu":"1"},"labels":{"deployment-tool":"cli-firebase","firebase-functions-hash":"b40ce29f719d93fad639e6256eb840bc9523bce6"},"environment":"GEN_2"},"stages":[{"name":"BUILD","message":"Build in progress","state":"IN_PROGRESS","resource":"projects/999185260359/locations/us-central1/builds/14d8aa14-c783-42c0-b5ec-904d5f894d65","resourceUri":"https://console.cloud.google.com/cloud-build/builds;region=us-central1/14d8aa14-c783-42c0-b5ec-904d5f894d65?project=999185260359"},{"name":"SERVICE","state":"NOT_STARTED"}],"operationType":"CREATE_FUNCTION","buildName":"projects/999185260359/locations/us-central1/builds/14d8aa14-c783-42c0-b5ec-904d5f894d65"},"done":false}
[debug] [2025-10-27T13:39:29.969Z] [create-default-us-central1-paymentApi] Retrying task index 0
[debug] [2025-10-27T13:39:29.969Z] Checked if tokens are valid: true, expires at: 1761574999920
[debug] [2025-10-27T13:39:29.969Z] Checked if tokens are valid: true, expires at: 1761574999920
[debug] [2025-10-27T13:39:29.969Z] >>> [apiv2][query] GET https://cloudfunctions.googleapis.com/v2/projects/zipyojeong-f1e17/locations/us-central1/operations/operation-1761572358684-6422406af7f64-2c7fec95-1c5c056e [none]
[debug] [2025-10-27T13:39:30.222Z] <<< [apiv2][status] GET https://cloudfunctions.googleapis.com/v2/projects/zipyojeong-f1e17/locations/us-central1/operations/operation-1761572358684-6422406af7f64-2c7fec95-1c5c056e 200
[debug] [2025-10-27T13:39:30.222Z] <<< [apiv2][body] GET https://cloudfunctions.googleapis.com/v2/projects/zipyojeong-f1e17/locations/us-central1/operations/operation-1761572358684-6422406af7f64-2c7fec95-1c5c056e {"name":"projects/zipyojeong-f1e17/locations/us-central1/operations/operation-1761572358684-6422406af7f64-2c7fec95-1c5c056e","metadata":{"@type":"type.googleapis.com/google.cloud.functions.v2.OperationMetadata","createTime":"2025-10-27T13:39:19.159190879Z","target":"projects/zipyojeong-f1e17/locations/us-central1/functions/paymentApi","verb":"create","cancelRequested":false,"apiVersion":"v2","requestResource":{"@type":"type.googleapis.com/google.cloud.functions.v2.Function","name":"projects/zipyojeong-f1e17/locations/us-central1/functions/paymentApi","buildConfig":{"runtime":"nodejs18","entryPoint":"paymentApi","source":{"storageSource":{"bucket":"gcf-v2-sources-999185260359-us-central1","object":"paymentApi/function-source.zip","generation":"1761572358936515"}},"environmentVariables":{"GOOGLE_NODE_RUN_SCRIPTS":""},"serviceAccount":"projects/zipyojeong-f1e17/serviceAccounts/999185260359-compute@developer.gserviceaccount.com","automaticUpdatePolicy":{}},"serviceConfig":{"service":"projects/zipyojeong-f1e17/locations/us-central1/services/paymentapi","timeoutSeconds":60,"environmentVariables":{"FIREBASE_CONFIG":"{\"projectId\":\"zipyojeong-f1e17\",\"storageBucket\":\"zipyojeong-f1e17.firebasestorage.app\"}","GCLOUD_PROJECT":"zipyojeong-f1e17","EVENTARC_CLOUD_EVENT_SOURCE":"projects/zipyojeong-f1e17/locations/us-central1/services/paymentApi","FUNCTION_TARGET":"paymentApi","LOG_EXECUTION_ID":"true"},"ingressSettings":"ALLOW_ALL","serviceAccountEmail":"999185260359-compute@developer.gserviceaccount.com","availableMemory":"256Mi","maxInstanceRequestConcurrency":80,"availableCpu":"1"},"labels":{"deployment-tool":"cli-firebase","firebase-functions-hash":"b40ce29f719d93fad639e6256eb840bc9523bce6"},"environment":"GEN_2"},"stages":[{"name":"BUILD","message":"Build in progress","state":"IN_PROGRESS","resource":"projects/999185260359/locations/us-central1/builds/14d8aa14-c783-42c0-b5ec-904d5f894d65","resourceUri":"https://console.cloud.google.com/cloud-build/builds;region=us-central1/14d8aa14-c783-42c0-b5ec-904d5f894d65?project=999185260359"},{"name":"SERVICE","state":"NOT_STARTED"}],"operationType":"CREATE_FUNCTION","buildName":"projects/999185260359/locations/us-central1/builds/14d8aa14-c783-42c0-b5ec-904d5f894d65"},"done":false}
[debug] [2025-10-27T13:39:38.224Z] [create-default-us-central1-paymentApi] Retrying task index 0
[debug] [2025-10-27T13:39:38.224Z] Checked if tokens are valid: true, expires at: 1761574999920
[debug] [2025-10-27T13:39:38.224Z] Checked if tokens are valid: true, expires at: 1761574999920
[debug] [2025-10-27T13:39:38.224Z] >>> [apiv2][query] GET https://cloudfunctions.googleapis.com/v2/projects/zipyojeong-f1e17/locations/us-central1/operations/operation-1761572358684-6422406af7f64-2c7fec95-1c5c056e [none]
[debug] [2025-10-27T13:39:39.298Z] <<< [apiv2][status] GET https://cloudfunctions.googleapis.com/v2/projects/zipyojeong-f1e17/locations/us-central1/operations/operation-1761572358684-6422406af7f64-2c7fec95-1c5c056e 200
[debug] [2025-10-27T13:39:39.299Z] <<< [apiv2][body] GET https://cloudfunctions.googleapis.com/v2/projects/zipyojeong-f1e17/locations/us-central1/operations/operation-1761572358684-6422406af7f64-2c7fec95-1c5c056e {"name":"projects/zipyojeong-f1e17/locations/us-central1/operations/operation-1761572358684-6422406af7f64-2c7fec95-1c5c056e","metadata":{"@type":"type.googleapis.com/google.cloud.functions.v2.OperationMetadata","createTime":"2025-10-27T13:39:19.159190879Z","target":"projects/zipyojeong-f1e17/locations/us-central1/functions/paymentApi","verb":"create","cancelRequested":false,"apiVersion":"v2","requestResource":{"@type":"type.googleapis.com/google.cloud.functions.v2.Function","name":"projects/zipyojeong-f1e17/locations/us-central1/functions/paymentApi","buildConfig":{"runtime":"nodejs18","entryPoint":"paymentApi","source":{"storageSource":{"bucket":"gcf-v2-sources-999185260359-us-central1","object":"paymentApi/function-source.zip","generation":"1761572358936515"}},"environmentVariables":{"GOOGLE_NODE_RUN_SCRIPTS":""},"serviceAccount":"projects/zipyojeong-f1e17/serviceAccounts/999185260359-compute@developer.gserviceaccount.com","automaticUpdatePolicy":{}},"serviceConfig":{"service":"projects/zipyojeong-f1e17/locations/us-central1/services/paymentapi","timeoutSeconds":60,"environmentVariables":{"FIREBASE_CONFIG":"{\"projectId\":\"zipyojeong-f1e17\",\"storageBucket\":\"zipyojeong-f1e17.firebasestorage.app\"}","GCLOUD_PROJECT":"zipyojeong-f1e17","EVENTARC_CLOUD_EVENT_SOURCE":"projects/zipyojeong-f1e17/locations/us-central1/services/paymentApi","FUNCTION_TARGET":"paymentApi","LOG_EXECUTION_ID":"true"},"ingressSettings":"ALLOW_ALL","serviceAccountEmail":"999185260359-compute@developer.gserviceaccount.com","availableMemory":"256Mi","maxInstanceRequestConcurrency":80,"availableCpu":"1"},"labels":{"deployment-tool":"cli-firebase","firebase-functions-hash":"b40ce29f719d93fad639e6256eb840bc9523bce6"},"environment":"GEN_2"},"stages":[{"name":"BUILD","message":"Build in progress","state":"IN_PROGRESS","resource":"projects/999185260359/locations/us-central1/builds/14d8aa14-c783-42c0-b5ec-904d5f894d65","resourceUri":"https://console.cloud.google.com/cloud-build/builds;region=us-central1/14d8aa14-c783-42c0-b5ec-904d5f894d65?project=999185260359"},{"name":"SERVICE","state":"NOT_STARTED"}],"operationType":"CREATE_FUNCTION","buildName":"projects/999185260359/locations/us-central1/builds/14d8aa14-c783-42c0-b5ec-904d5f894d65"},"done":false}
[debug] [2025-10-27T13:39:49.299Z] [create-default-us-central1-paymentApi] Retrying task index 0
[debug] [2025-10-27T13:39:49.299Z] Checked if tokens are valid: true, expires at: 1761574999920
[debug] [2025-10-27T13:39:49.299Z] Checked if tokens are valid: true, expires at: 1761574999920
[debug] [2025-10-27T13:39:49.299Z] >>> [apiv2][query] GET https://cloudfunctions.googleapis.com/v2/projects/zipyojeong-f1e17/locations/us-central1/operations/operation-1761572358684-6422406af7f64-2c7fec95-1c5c056e [none]
[debug] [2025-10-27T13:39:50.323Z] <<< [apiv2][status] GET https://cloudfunctions.googleapis.com/v2/projects/zipyojeong-f1e17/locations/us-central1/operations/operation-1761572358684-6422406af7f64-2c7fec95-1c5c056e 200
[debug] [2025-10-27T13:39:50.323Z] <<< [apiv2][body] GET https://cloudfunctions.googleapis.com/v2/projects/zipyojeong-f1e17/locations/us-central1/operations/operation-1761572358684-6422406af7f64-2c7fec95-1c5c056e {"name":"projects/zipyojeong-f1e17/locations/us-central1/operations/operation-1761572358684-6422406af7f64-2c7fec95-1c5c056e","metadata":{"@type":"type.googleapis.com/google.cloud.functions.v2.OperationMetadata","createTime":"2025-10-27T13:39:19.159190879Z","target":"projects/zipyojeong-f1e17/locations/us-central1/functions/paymentApi","verb":"create","cancelRequested":false,"apiVersion":"v2","requestResource":{"@type":"type.googleapis.com/google.cloud.functions.v2.Function","name":"projects/zipyojeong-f1e17/locations/us-central1/functions/paymentApi","buildConfig":{"runtime":"nodejs18","entryPoint":"paymentApi","source":{"storageSource":{"bucket":"gcf-v2-sources-999185260359-us-central1","object":"paymentApi/function-source.zip","generation":"1761572358936515"}},"environmentVariables":{"GOOGLE_NODE_RUN_SCRIPTS":""},"serviceAccount":"projects/zipyojeong-f1e17/serviceAccounts/999185260359-compute@developer.gserviceaccount.com","automaticUpdatePolicy":{}},"serviceConfig":{"service":"projects/zipyojeong-f1e17/locations/us-central1/services/paymentapi","timeoutSeconds":60,"environmentVariables":{"FIREBASE_CONFIG":"{\"projectId\":\"zipyojeong-f1e17\",\"storageBucket\":\"zipyojeong-f1e17.firebasestorage.app\"}","GCLOUD_PROJECT":"zipyojeong-f1e17","EVENTARC_CLOUD_EVENT_SOURCE":"projects/zipyojeong-f1e17/locations/us-central1/services/paymentApi","FUNCTION_TARGET":"paymentApi","LOG_EXECUTION_ID":"true"},"ingressSettings":"ALLOW_ALL","serviceAccountEmail":"999185260359-compute@developer.gserviceaccount.com","availableMemory":"256Mi","maxInstanceRequestConcurrency":80,"availableCpu":"1"},"labels":{"deployment-tool":"cli-firebase","firebase-functions-hash":"b40ce29f719d93fad639e6256eb840bc9523bce6"},"environment":"GEN_2"},"stages":[{"name":"BUILD","message":"Build in progress","state":"IN_PROGRESS","resource":"projects/999185260359/locations/us-central1/builds/14d8aa14-c783-42c0-b5ec-904d5f894d65","resourceUri":"https://console.cloud.google.com/cloud-build/builds;region=us-central1/14d8aa14-c783-42c0-b5ec-904d5f894d65?project=999185260359"},{"name":"SERVICE","state":"NOT_STARTED"}],"operationType":"CREATE_FUNCTION","buildName":"projects/999185260359/locations/us-central1/builds/14d8aa14-c783-42c0-b5ec-904d5f894d65"},"done":false}
[debug] [2025-10-27T13:40:00.326Z] [create-default-us-central1-paymentApi] Retrying task index 0
[debug] [2025-10-27T13:40:00.326Z] Checked if tokens are valid: true, expires at: 1761574999920
[debug] [2025-10-27T13:40:00.326Z] Checked if tokens are valid: true, expires at: 1761574999920
[debug] [2025-10-27T13:40:00.326Z] >>> [apiv2][query] GET https://cloudfunctions.googleapis.com/v2/projects/zipyojeong-f1e17/locations/us-central1/operations/operation-1761572358684-6422406af7f64-2c7fec95-1c5c056e [none]
[debug] [2025-10-27T13:40:01.494Z] <<< [apiv2][status] GET https://cloudfunctions.googleapis.com/v2/projects/zipyojeong-f1e17/locations/us-central1/operations/operation-1761572358684-6422406af7f64-2c7fec95-1c5c056e 200
[debug] [2025-10-27T13:40:01.494Z] <<< [apiv2][body] GET https://cloudfunctions.googleapis.com/v2/projects/zipyojeong-f1e17/locations/us-central1/operations/operation-1761572358684-6422406af7f64-2c7fec95-1c5c056e {"name":"projects/zipyojeong-f1e17/locations/us-central1/operations/operation-1761572358684-6422406af7f64-2c7fec95-1c5c056e","metadata":{"@type":"type.googleapis.com/google.cloud.functions.v2.OperationMetadata","createTime":"2025-10-27T13:39:19.159190879Z","target":"projects/zipyojeong-f1e17/locations/us-central1/functions/paymentApi","verb":"create","cancelRequested":false,"apiVersion":"v2","requestResource":{"@type":"type.googleapis.com/google.cloud.functions.v2.Function","name":"projects/zipyojeong-f1e17/locations/us-central1/functions/paymentApi","buildConfig":{"runtime":"nodejs18","entryPoint":"paymentApi","source":{"storageSource":{"bucket":"gcf-v2-sources-999185260359-us-central1","object":"paymentApi/function-source.zip","generation":"1761572358936515"}},"environmentVariables":{"GOOGLE_NODE_RUN_SCRIPTS":""},"serviceAccount":"projects/zipyojeong-f1e17/serviceAccounts/999185260359-compute@developer.gserviceaccount.com","automaticUpdatePolicy":{}},"serviceConfig":{"service":"projects/zipyojeong-f1e17/locations/us-central1/services/paymentapi","timeoutSeconds":60,"environmentVariables":{"FIREBASE_CONFIG":"{\"projectId\":\"zipyojeong-f1e17\",\"storageBucket\":\"zipyojeong-f1e17.firebasestorage.app\"}","GCLOUD_PROJECT":"zipyojeong-f1e17","EVENTARC_CLOUD_EVENT_SOURCE":"projects/zipyojeong-f1e17/locations/us-central1/services/paymentApi","FUNCTION_TARGET":"paymentApi","LOG_EXECUTION_ID":"true"},"ingressSettings":"ALLOW_ALL","serviceAccountEmail":"999185260359-compute@developer.gserviceaccount.com","availableMemory":"256Mi","maxInstanceRequestConcurrency":80,"availableCpu":"1"},"labels":{"deployment-tool":"cli-firebase","firebase-functions-hash":"b40ce29f719d93fad639e6256eb840bc9523bce6"},"environment":"GEN_2"},"stages":[{"name":"BUILD","message":"Build in progress","state":"IN_PROGRESS","resource":"projects/999185260359/locations/us-central1/builds/14d8aa14-c783-42c0-b5ec-904d5f894d65","resourceUri":"https://console.cloud.google.com/cloud-build/builds;region=us-central1/14d8aa14-c783-42c0-b5ec-904d5f894d65?project=999185260359"},{"name":"SERVICE","state":"NOT_STARTED"}],"operationType":"CREATE_FUNCTION","buildName":"projects/999185260359/locations/us-central1/builds/14d8aa14-c783-42c0-b5ec-904d5f894d65"},"done":false}
[debug] [2025-10-27T13:40:11.496Z] [create-default-us-central1-paymentApi] Retrying task index 0
[debug] [2025-10-27T13:40:11.497Z] Checked if tokens are valid: true, expires at: 1761574999920
[debug] [2025-10-27T13:40:11.497Z] Checked if tokens are valid: true, expires at: 1761574999920
[debug] [2025-10-27T13:40:11.497Z] >>> [apiv2][query] GET https://cloudfunctions.googleapis.com/v2/projects/zipyojeong-f1e17/locations/us-central1/operations/operation-1761572358684-6422406af7f64-2c7fec95-1c5c056e [none]
[debug] [2025-10-27T13:40:12.552Z] <<< [apiv2][status] GET https://cloudfunctions.googleapis.com/v2/projects/zipyojeong-f1e17/locations/us-central1/operations/operation-1761572358684-6422406af7f64-2c7fec95-1c5c056e 200
[debug] [2025-10-27T13:40:12.552Z] <<< [apiv2][body] GET https://cloudfunctions.googleapis.com/v2/projects/zipyojeong-f1e17/locations/us-central1/operations/operation-1761572358684-6422406af7f64-2c7fec95-1c5c056e {"name":"projects/zipyojeong-f1e17/locations/us-central1/operations/operation-1761572358684-6422406af7f64-2c7fec95-1c5c056e","metadata":{"@type":"type.googleapis.com/google.cloud.functions.v2.OperationMetadata","createTime":"2025-10-27T13:39:19.159190879Z","target":"projects/zipyojeong-f1e17/locations/us-central1/functions/paymentApi","verb":"create","cancelRequested":false,"apiVersion":"v2","requestResource":{"@type":"type.googleapis.com/google.cloud.functions.v2.Function","name":"projects/zipyojeong-f1e17/locations/us-central1/functions/paymentApi","buildConfig":{"runtime":"nodejs18","entryPoint":"paymentApi","source":{"storageSource":{"bucket":"gcf-v2-sources-999185260359-us-central1","object":"paymentApi/function-source.zip","generation":"1761572358936515"}},"environmentVariables":{"GOOGLE_NODE_RUN_SCRIPTS":""},"serviceAccount":"projects/zipyojeong-f1e17/serviceAccounts/999185260359-compute@developer.gserviceaccount.com","automaticUpdatePolicy":{}},"serviceConfig":{"service":"projects/zipyojeong-f1e17/locations/us-central1/services/paymentapi","timeoutSeconds":60,"environmentVariables":{"FIREBASE_CONFIG":"{\"projectId\":\"zipyojeong-f1e17\",\"storageBucket\":\"zipyojeong-f1e17.firebasestorage.app\"}","GCLOUD_PROJECT":"zipyojeong-f1e17","EVENTARC_CLOUD_EVENT_SOURCE":"projects/zipyojeong-f1e17/locations/us-central1/services/paymentApi","FUNCTION_TARGET":"paymentApi","LOG_EXECUTION_ID":"true"},"ingressSettings":"ALLOW_ALL","serviceAccountEmail":"999185260359-compute@developer.gserviceaccount.com","availableMemory":"256Mi","maxInstanceRequestConcurrency":80,"availableCpu":"1"},"labels":{"deployment-tool":"cli-firebase","firebase-functions-hash":"b40ce29f719d93fad639e6256eb840bc9523bce6"},"environment":"GEN_2"},"stages":[{"name":"BUILD","message":"Build in progress","state":"IN_PROGRESS","resource":"projects/999185260359/locations/us-central1/builds/14d8aa14-c783-42c0-b5ec-904d5f894d65","resourceUri":"https://console.cloud.google.com/cloud-build/builds;region=us-central1/14d8aa14-c783-42c0-b5ec-904d5f894d65?project=999185260359"},{"name":"SERVICE","state":"NOT_STARTED"}],"operationType":"CREATE_FUNCTION","buildName":"projects/999185260359/locations/us-central1/builds/14d8aa14-c783-42c0-b5ec-904d5f894d65"},"done":false}
[debug] [2025-10-27T13:40:22.554Z] [create-default-us-central1-paymentApi] Retrying task index 0
[debug] [2025-10-27T13:40:22.555Z] Checked if tokens are valid: true, expires at: 1761574999920
[debug] [2025-10-27T13:40:22.555Z] Checked if tokens are valid: true, expires at: 1761574999920
[debug] [2025-10-27T13:40:22.555Z] >>> [apiv2][query] GET https://cloudfunctions.googleapis.com/v2/projects/zipyojeong-f1e17/locations/us-central1/operations/operation-1761572358684-6422406af7f64-2c7fec95-1c5c056e [none]
[debug] [2025-10-27T13:40:23.715Z] <<< [apiv2][status] GET https://cloudfunctions.googleapis.com/v2/projects/zipyojeong-f1e17/locations/us-central1/operations/operation-1761572358684-6422406af7f64-2c7fec95-1c5c056e 200
[debug] [2025-10-27T13:40:23.715Z] <<< [apiv2][body] GET https://cloudfunctions.googleapis.com/v2/projects/zipyojeong-f1e17/locations/us-central1/operations/operation-1761572358684-6422406af7f64-2c7fec95-1c5c056e {"name":"projects/zipyojeong-f1e17/locations/us-central1/operations/operation-1761572358684-6422406af7f64-2c7fec95-1c5c056e","metadata":{"@type":"type.googleapis.com/google.cloud.functions.v2.OperationMetadata","createTime":"2025-10-27T13:39:19.159190879Z","target":"projects/zipyojeong-f1e17/locations/us-central1/functions/paymentApi","verb":"create","cancelRequested":false,"apiVersion":"v2","requestResource":{"@type":"type.googleapis.com/google.cloud.functions.v2.Function","name":"projects/zipyojeong-f1e17/locations/us-central1/functions/paymentApi","buildConfig":{"runtime":"nodejs18","entryPoint":"paymentApi","source":{"storageSource":{"bucket":"gcf-v2-sources-999185260359-us-central1","object":"paymentApi/function-source.zip","generation":"1761572358936515"}},"environmentVariables":{"GOOGLE_NODE_RUN_SCRIPTS":""},"serviceAccount":"projects/zipyojeong-f1e17/serviceAccounts/999185260359-compute@developer.gserviceaccount.com","automaticUpdatePolicy":{}},"serviceConfig":{"service":"projects/zipyojeong-f1e17/locations/us-central1/services/paymentapi","timeoutSeconds":60,"environmentVariables":{"FIREBASE_CONFIG":"{\"projectId\":\"zipyojeong-f1e17\",\"storageBucket\":\"zipyojeong-f1e17.firebasestorage.app\"}","GCLOUD_PROJECT":"zipyojeong-f1e17","EVENTARC_CLOUD_EVENT_SOURCE":"projects/zipyojeong-f1e17/locations/us-central1/services/paymentApi","FUNCTION_TARGET":"paymentApi","LOG_EXECUTION_ID":"true"},"ingressSettings":"ALLOW_ALL","serviceAccountEmail":"999185260359-compute@developer.gserviceaccount.com","availableMemory":"256Mi","maxInstanceRequestConcurrency":80,"availableCpu":"1"},"labels":{"deployment-tool":"cli-firebase","firebase-functions-hash":"b40ce29f719d93fad639e6256eb840bc9523bce6"},"environment":"GEN_2"},"stages":[{"name":"ARTIFACT_REGISTRY","state":"NOT_STARTED"},{"name":"SERVICE","message":"Deleting Cloud Run service","state":"IN_PROGRESS","resource":"projects/zipyojeong-f1e17/locations/us-central1/services/paymentapi"}],"operationType":"CREATE_FUNCTION"},"done":false}
[debug] [2025-10-27T13:40:33.717Z] [create-default-us-central1-paymentApi] Retrying task index 0
[debug] [2025-10-27T13:40:33.718Z] Checked if tokens are valid: true, expires at: 1761574999920
[debug] [2025-10-27T13:40:33.718Z] Checked if tokens are valid: true, expires at: 1761574999920
[debug] [2025-10-27T13:40:33.718Z] >>> [apiv2][query] GET https://cloudfunctions.googleapis.com/v2/projects/zipyojeong-f1e17/locations/us-central1/operations/operation-1761572358684-6422406af7f64-2c7fec95-1c5c056e [none]
[debug] [2025-10-27T13:40:34.775Z] <<< [apiv2][status] GET https://cloudfunctions.googleapis.com/v2/projects/zipyojeong-f1e17/locations/us-central1/operations/operation-1761572358684-6422406af7f64-2c7fec95-1c5c056e 200
[debug] [2025-10-27T13:40:34.775Z] <<< [apiv2][body] GET https://cloudfunctions.googleapis.com/v2/projects/zipyojeong-f1e17/locations/us-central1/operations/operation-1761572358684-6422406af7f64-2c7fec95-1c5c056e {"name":"projects/zipyojeong-f1e17/locations/us-central1/operations/operation-1761572358684-6422406af7f64-2c7fec95-1c5c056e","metadata":{"@type":"type.googleapis.com/google.cloud.functions.v2.OperationMetadata","createTime":"2025-10-27T13:39:19.159190879Z","endTime":"2025-10-27T13:40:26.260280919Z","target":"projects/zipyojeong-f1e17/locations/us-central1/functions/paymentApi","verb":"create","cancelRequested":false,"apiVersion":"v2","requestResource":{"@type":"type.googleapis.com/google.cloud.functions.v2.Function","name":"projects/zipyojeong-f1e17/locations/us-central1/functions/paymentApi","buildConfig":{"runtime":"nodejs18","entryPoint":"paymentApi","source":{"storageSource":{"bucket":"gcf-v2-sources-999185260359-us-central1","object":"paymentApi/function-source.zip","generation":"1761572358936515"}},"environmentVariables":{"GOOGLE_NODE_RUN_SCRIPTS":""},"serviceAccount":"projects/zipyojeong-f1e17/serviceAccounts/999185260359-compute@developer.gserviceaccount.com","automaticUpdatePolicy":{}},"serviceConfig":{"service":"projects/zipyojeong-f1e17/locations/us-central1/services/paymentapi","timeoutSeconds":60,"environmentVariables":{"FIREBASE_CONFIG":"{\"projectId\":\"zipyojeong-f1e17\",\"storageBucket\":\"zipyojeong-f1e17.firebasestorage.app\"}","GCLOUD_PROJECT":"zipyojeong-f1e17","EVENTARC_CLOUD_EVENT_SOURCE":"projects/zipyojeong-f1e17/locations/us-central1/services/paymentApi","FUNCTION_TARGET":"paymentApi","LOG_EXECUTION_ID":"true"},"ingressSettings":"ALLOW_ALL","serviceAccountEmail":"999185260359-compute@developer.gserviceaccount.com","availableMemory":"256Mi","maxInstanceRequestConcurrency":80,"availableCpu":"1"},"labels":{"deployment-tool":"cli-firebase","firebase-functions-hash":"b40ce29f719d93fad639e6256eb840bc9523bce6"},"environment":"GEN_2"},"stages":[{"name":"ARTIFACT_REGISTRY","message":"Deleting function artifacts in Artifact Registry","state":"COMPLETE"},{"name":"SERVICE","message":"Deleting Cloud Run service","state":"COMPLETE","resource":"projects/zipyojeong-f1e17/locations/us-central1/services/paymentapi"}],"operationType":"CREATE_FUNCTION"},"done":true,"error":{"code":3,"message":"Could not create or update Cloud Run service paymentapi, Container Healthcheck failed. The user-provided container failed to start and listen on the port defined provided by the PORT=8080 environment variable within the allocated timeout. This can happen when the container port is misconfigured or if the timeout is too short. The health check timeout can be extended. Logs for this revision might contain more information.\n\nLogs URL: https://console.cloud.google.com/logs/viewer?project=zipyojeong-f1e17&resource=cloud_run_revision/service_name/paymentapi/revision_name/paymentapi-00001-loq&advancedFilter=resource.type%3D%22cloud_run_revision%22%0Aresource.labels.service_name%3D%22paymentapi%22%0Aresource.labels.revision_name%3D%22paymentapi-00001-loq%22 \nFor more troubleshooting guidance, see https://cloud.google.com/run/docs/troubleshooting#container-failed-to-start"}}
[debug] [2025-10-27T13:40:34.775Z] Got source token undefined for region us-central1
[error] Could not create or update Cloud Run service paymentapi, Container Healthcheck failed. The user-provided container failed to start and listen on the port defined provided by the PORT=8080 environment variable within the allocated timeout. This can happen when the container port is misconfigured or if the timeout is too short. The health check timeout can be extended. Logs for this revision might contain more information.

Logs URL: https://console.cloud.google.com/logs/viewer?project=zipyojeong-f1e17&resource=cloud_run_revision/service_name/paymentapi/revision_name/paymentapi-00001-loq&advancedFilter=resource.type%3D%22cloud_run_revision%22%0Aresource.labels.service_name%3D%22paymentapi%22%0Aresource.labels.revision_name%3D%22paymentapi-00001-loq%22 
For more troubleshooting guidance, see https://cloud.google.com/run/docs/troubleshooting#container-failed-to-start
[debug] [2025-10-27T13:40:34.779Z] Total Function Deployment time: 77100
[debug] [2025-10-27T13:40:34.780Z] 1 Functions Deployed
[debug] [2025-10-27T13:40:34.780Z] 1 Functions Errored
[debug] [2025-10-27T13:40:34.780Z] 0 Function Deployments Aborted
[debug] [2025-10-27T13:40:34.780Z] Average Function Deployment time: 77100
[info] 
[info] Functions deploy had errors with the following functions:
	paymentApi(us-central1)
[debug] [2025-10-27T13:40:34.996Z] Not printing URL for HTTPS function. Typically this means it didn't match a filter or we failed deployment
[debug] [2025-10-27T13:40:34.997Z] Checked if tokens are valid: true, expires at: 1761574999920
[debug] [2025-10-27T13:40:34.997Z] Checked if tokens are valid: true, expires at: 1761574999920
[debug] [2025-10-27T13:40:34.997Z] >>> [apiv2][query] GET https://artifactregistry.googleapis.com/v1/projects/zipyojeong-f1e17/locations/us-central1/repositories/gcf-artifacts [none]
[debug] [2025-10-27T13:40:36.073Z] <<< [apiv2][status] GET https://artifactregistry.googleapis.com/v1/projects/zipyojeong-f1e17/locations/us-central1/repositories/gcf-artifacts 200
[debug] [2025-10-27T13:40:36.073Z] <<< [apiv2][body] GET https://artifactregistry.googleapis.com/v1/projects/zipyojeong-f1e17/locations/us-central1/repositories/gcf-artifacts {"name":"projects/zipyojeong-f1e17/locations/us-central1/repositories/gcf-artifacts","format":"DOCKER","description":"This repository is created and used by Cloud Functions for storing function docker images.","labels":{"goog-managed-by":"cloudfunctions"},"createTime":"2025-10-24T16:08:39.986384Z","updateTime":"2025-10-27T13:40:26.141657Z","mode":"STANDARD_REPOSITORY","cleanupPolicies":{"firebase-functions-cleanup":{"id":"firebase-functions-cleanup","action":"DELETE","condition":{"tagState":"ANY","olderThan":"604800s"}}},"sizeBytes":"210909172","vulnerabilityScanningConfig":{"lastEnableTime":"2025-10-24T16:08:31.788074335Z","enablementState":"SCANNING_DISABLED","enablementStateReason":"API containerscanning.googleapis.com is not enabled."},"satisfiesPzi":true,"registryUri":"us-central1-docker.pkg.dev/zipyojeong-f1e17/gcf-artifacts"}
[debug] [2025-10-27T13:40:36.073Z] Functions deploy failed.
[debug] [2025-10-27T13:40:36.074Z] {
  "endpoint": {
    "id": "paymentApi",
    "project": "zipyojeong-f1e17",
    "region": "us-central1",
    "entryPoint": "paymentApi",
    "platform": "gcfv2",
    "runtime": "nodejs18",
    "httpsTrigger": {},
    "labels": {
      "deployment-tool": "cli-firebase"
    },
    "serviceAccount": null,
    "ingressSettings": null,
    "availableMemoryMb": null,
    "timeoutSeconds": null,
    "maxInstances": null,
    "minInstances": null,
    "concurrency": 80,
    "vpc": null,
    "environmentVariables": {
      "FIREBASE_CONFIG": "{\"projectId\":\"zipyojeong-f1e17\",\"storageBucket\":\"zipyojeong-f1e17.firebasestorage.app\"}",
      "GCLOUD_PROJECT": "zipyojeong-f1e17",
      "EVENTARC_CLOUD_EVENT_SOURCE": "projects/zipyojeong-f1e17/locations/us-central1/services/paymentApi"
    },
    "codebase": "default",
    "cpu": 1,
    "targetedByOnly": false,
    "hash": "b40ce29f719d93fad639e6256eb840bc9523bce6"
  },
  "op": "create",
  "original": {
    "name": "FirebaseError",
    "children": [],
    "exit": 1,
    "message": "Could not create or update Cloud Run service paymentapi, Container Healthcheck failed. The user-provided container failed to start and listen on the port defined provided by the PORT=8080 environment variable within the allocated timeout. This can happen when the container port is misconfigured or if the timeout is too short. The health check timeout can be extended. Logs for this revision might contain more information.\n\nLogs URL: https://console.cloud.google.com/logs/viewer?project=zipyojeong-f1e17&resource=cloud_run_revision/service_name/paymentapi/revision_name/paymentapi-00001-loq&advancedFilter=resource.type%3D%22cloud_run_revision%22%0Aresource.labels.service_name%3D%22paymentapi%22%0Aresource.labels.revision_name%3D%22paymentapi-00001-loq%22 \nFor more troubleshooting guidance, see https://cloud.google.com/run/docs/troubleshooting#container-failed-to-start",
    "original": {
      "code": 3,
      "message": "Could not create or update Cloud Run service paymentapi, Container Healthcheck failed. The user-provided container failed to start and listen on the port defined provided by the PORT=8080 environment variable within the allocated timeout. This can happen when the container port is misconfigured or if the timeout is too short. The health check timeout can be extended. Logs for this revision might contain more information.\n\nLogs URL: https://console.cloud.google.com/logs/viewer?project=zipyojeong-f1e17&resource=cloud_run_revision/service_name/paymentapi/revision_name/paymentapi-00001-loq&advancedFilter=resource.type%3D%22cloud_run_revision%22%0Aresource.labels.service_name%3D%22paymentapi%22%0Aresource.labels.revision_name%3D%22paymentapi-00001-loq%22 \nFor more troubleshooting guidance, see https://cloud.google.com/run/docs/troubleshooting#container-failed-to-start"
    },
    "status": 3,
    "code": 3
  }
}
[debug] [2025-10-27T13:40:36.162Z] Error: Failed to create function paymentApi in region us-central1
    at /Users/jacoblee/.nvm/versions/node/v22.19.0/lib/node_modules/firebase-tools/lib/deploy/functions/release/fabricator.js:306:27
    at process.processTicksAndRejections (node:internal/process/task_queues:105:5)
    at async Fabricator.createV2Function (/Users/jacoblee/.nvm/versions/node/v22.19.0/lib/node_modules/firebase-tools/lib/deploy/functions/release/fabricator.js:290:30)
    at async Fabricator.createEndpoint (/Users/jacoblee/.nvm/versions/node/v22.19.0/lib/node_modules/firebase-tools/lib/deploy/functions/release/fabricator.js:137:13)
    at async handle (/Users/jacoblee/.nvm/versions/node/v22.19.0/lib/node_modules/firebase-tools/lib/deploy/functions/release/fabricator.js:89:17)
[error] 
[error] Error: There was an error deploying functions
